<?xml version="1.0" ?>
<coverage line-rate="0.75" branch-rate="0.5" lines-covered="15" lines-valid="20" version="6.5.0" timestamp="1700000000000">
  <sources>
    <source>.</source>
  </sources>
  <packages>
    <package name="src" line-rate="0.75" branch-rate="0.5" complexity="0">
      <classes>
        <class name="a" filename="src/a.py" line-rate="0.8" branch-rate="0.5" complexity="0">
          <methods/>
          <lines>
            <line number="1" hits="1"/>
            <line number="2" hits="0"/>
          </lines>
        </class>
        <class name="b" filename="src/b.py" line-rate="0.5" branch-rate="0.5" complexity="0">
          <methods/>
          <lines>
            <line number="1" hits="1"/>
            <line number="2" hits="0"/>
          </lines>
        </class>
      </classes>
    </package>
  </packages>
</coverage>
